<?xml version="1.0" encoding="UTF-8"?>
<testng-results skipped="0" failed="0" ignored="0" total="2" passed="2">
  <reporter-output>
  </reporter-output>
  <suite name="Default Suite" duration-ms="35" started-at="2019-06-19T01:26:58Z" finished-at="2019-06-19T01:26:58Z">
    <groups>
    </groups>
    <test name="Selenium_Grid_Demo1" duration-ms="35" started-at="2019-06-19T01:26:58Z" finished-at="2019-06-19T01:26:58Z">
      <class name="com.automator.TestNG3">
        <test-method status="PASS" signature="test2()[pri:0, instance:com.automator.TestNG3@5649fd9b]" name="test2" duration-ms="6" started-at="2019-06-19T09:26:58Z" finished-at="2019-06-19T09:26:58Z">
          <reporter-output>
          </reporter-output>
        </test-method> <!-- test2 -->
        <test-method status="PASS" signature="test3()[pri:0, instance:com.automator.TestNG3@5649fd9b]" name="test3" duration-ms="1" started-at="2019-06-19T09:26:58Z" finished-at="2019-06-19T09:26:58Z">
          <reporter-output>
          </reporter-output>
        </test-method> <!-- test3 -->
      </class> <!-- com.automator.TestNG3 -->
    </test> <!-- Selenium_Grid_Demo1 -->
  </suite> <!-- Default Suite -->
</testng-results>
